#
# A fatal error has been detected by the Java Runtime Environment:
#
#  SIGSEGV (0xb) at pc=0x00007fc271563624, pid=16645, tid=0x00007fc221aec700
#
# JRE version: Java(TM) SE Runtime Environment (8.0_151-b12) (build 1.8.0_151-b12)
# Java VM: Java HotSpot(TM) 64-Bit Server VM (25.151-b12 mixed mode linux-amd64 compressed oops)
# Problematic frame:
# J 1577 C2 sun.reflect.annotation.AnnotationInvocationHandler.invoke(Ljava/lang/Object;Ljava/lang/reflect/Method;[Ljava/lang/Object;)Ljava/lang/Object; (277 bytes) @ 0x00007fc271563624 [0x00007fc2715620e0+0x1544]
#
# Failed to write core dump. Core dumps have been disabled. To enable core dumping, try "ulimit -c unlimited" before starting Java again
#
# If you would like to submit a bug report, please visit:
#   http://bugreport.java.com/bugreport/crash.jsp
#

---------------  T H R E A D  ---------------

Current thread (0x00007fc228096000):  JavaThread "restartedMain" [_thread_in_Java, id=17194, stack(0x00007fc2219ec000,0x00007fc221aed000)]

siginfo: si_signo: 11 (SIGSEGV), si_code: 1 (SEGV_MAPERR), si_addr: 0x0000000000000030

Registers:
RAX=0x0000000000000000, RBX=0x000000008cad4fc8, RCX=0x000000008c606810, RDX=0x0000000000000001
RSP=0x00007fc221aea1d0, RBP=0x000000008cad5008, RSI=0x00000000daeda0d8, RDI=0x000000008c606810
R8 =0x000000008cad4f90, R9 =0x0000000006ac97dd, R10=0x0000000000000000, R11=0x0000000000000005
R12=0x0000000000000000, R13=0x0000000000000000, R14=0x0000000000000000, R15=0x00007fc228096000
RIP=0x00007fc271563624, EFLAGS=0x0000000000010246, CSGSFS=0x002b000000000033, ERR=0x0000000000000004
  TRAPNO=0x000000000000000e

Top of Stack: (sp=0x00007fc221aea1d0)
0x00007fc221aea1d0:   0000000000000000 000000008cad4f78
0x00007fc221aea1e0:   00007fc28c606810 00007fc228096000
0x00007fc221aea1f0:   00007fc200000000 000000000e29b003
0x00007fc221aea200:   00007fc221aea250 00007fc286c3c755
0x00007fc221aea210:   00007fc228096000 00007fc28689c70f
0x00007fc221aea220:   00007fc221aea290 00007fc230277340
0x00007fc221aea230:   00007fc228096000 0000000000000000
0x00007fc221aea240:   00007fc2100313a0 00007fc221aea340
0x00007fc221aea250:   00007fc221aea290 00007fc286c3c833
0x00007fc221aea260:   000000008cabbc20 00007fc280012100
0x00007fc221aea270:   00007fc221aea290 00007fc286932a19
0x00007fc221aea280:   000000008cad4f78 00007fc2724e2984
0x00007fc221aea290:   000000008c9dada0 00000000daed9fe8
0x00007fc221aea2a0:   00000001002ebbe0 0000000100011338
0x00007fc221aea2b0:   000000008cad4ce8 00000001000d0fd0
0x00007fc221aea2c0:   fe798df28cad4ce8 00000000daeda0b0
0x00007fc221aea2d0:   000000008cba2de0 0000000000000000
0x00007fc221aea2e0:   0000000000000000 0000000000000000
0x00007fc221aea2f0:   00007fc200000020 00007fc27224ede0
0x00007fc221aea300:   000000018d802f18 000000008cabbc38
0x00007fc221aea310:   0000000000000001 00007fc271a3fe84
0x00007fc221aea320:   0000000100011338 00000000daed8640
0x00007fc221aea330:   000000008c769540 00007fc271193e3c
0x00007fc221aea340:   0000000000000000 0000000020019fdd
0x00007fc221aea350:   000000008cabbc20 0000000000000000
0x00007fc221aea360:   00007fc221aea3b0 0000000000000000
0x00007fc221aea370:   00007fc221aea538 00007fc272595d04
0x00007fc221aea380:   0000000000000002 00007fc2723b5b14
0x00007fc221aea390:   000000008cabbc20 0000000100000000
0x00007fc221aea3a0:   0000000000000002 00007fc2712e7fbc
0x00007fc221aea3b0:   000000008cae54c0 00000000daeda070
0x00007fc221aea3c0:   0000000000000000 00000001000dae70 

Instructions: (pc=0x00007fc271563624)
0x00007fc271563604:   0f b6 68 2c 85 ed 0f 85 61 0b 00 00 41 8b 6a 14
0x00007fc271563614:   85 ed 0f 84 2d 0b 00 00 44 8b 55 08 49 c1 e2 03
0x00007fc271563624:   4d 8b 5a 30 49 b8 c8 49 0c 00 01 00 00 00 4d 3b
0x00007fc271563634:   d8 0f 85 86 01 00 00 4d 3b d8 0f 84 59 0b 00 00 

Register to memory mapping:

RAX=0x0000000000000000 is an unknown value
RBX=0x000000008cad4fc8 is an oop
[Ljava.util.HashMap$Node; 
 - klass: 'java/util/HashMap$Node'[]
 - length: 2
RCX=0x000000008c606810 is an oop
java.lang.String 
 - klass: 'java/lang/String'
RDX=0x0000000000000001 is an unknown value
RSP=0x00007fc221aea1d0 is pointing into the stack for thread: 0x00007fc228096000
RBP=
[error occurred during error reporting (printing register info), id 0xb]

Stack: [0x00007fc2219ec000,0x00007fc221aed000],  sp=0x00007fc221aea1d0,  free space=1016k
Native frames: (J=compiled Java code, j=interpreted, Vv=VM code, C=native code)
J 1577 C2 sun.reflect.annotation.AnnotationInvocationHandler.invoke(Ljava/lang/Object;Ljava/lang/reflect/Method;[Ljava/lang/Object;)Ljava/lang/Object; (277 bytes) @ 0x00007fc271563624 [0x00007fc2715620e0+0x1544]
J 7117 C2 org.springframework.core.OrderComparator.getOrder(Ljava/lang/Object;)I (22 bytes) @ 0x00007fc2724e2984 [0x00007fc2724e23a0+0x5e4]
J 8275 C2 org.springframework.core.OrderComparator.doCompare(Ljava/lang/Object;Ljava/lang/Object;Lorg/springframework/core/OrderComparator$OrderSourceProvider;)I (76 bytes) @ 0x00007fc271a3fe84 [0x00007fc271a3fda0+0xe4]
J 8276 C2 org.springframework.core.OrderComparator.compare(Ljava/lang/Object;Ljava/lang/Object;)I (8 bytes) @ 0x00007fc2723b5b14 [0x00007fc2723b5ae0+0x34]
J 5406 C1 java.util.TimSort.countRunAndMakeAscending([Ljava/lang/Object;IILjava/util/Comparator;)I (128 bytes) @ 0x00007fc2712e7fbc [0x00007fc2712e7e40+0x17c]
J 4438 C1 java.util.TimSort.sort([Ljava/lang/Object;IILjava/util/Comparator;[Ljava/lang/Object;II)V (229 bytes) @ 0x00007fc27188349c [0x00007fc271882fe0+0x4bc]
J 8060 C1 java.util.Arrays.sort([Ljava/lang/Object;IILjava/util/Comparator;)V (47 bytes) @ 0x00007fc2711bc544 [0x00007fc2711bc2c0+0x284]
J 8036 C2 org.springframework.context.annotation.ConditionEvaluator.shouldSkip(Lorg/springframework/core/type/AnnotatedTypeMetadata;Lorg/springframework/context/annotation/ConfigurationCondition$ConfigurationPhase;)Z (250 bytes) @ 0x00007fc27276bf08 [0x00007fc27276b360+0xba8]
J 5403 C1 org.springframework.context.annotation.ConfigurationClassParser.processConfigurationClass(Lorg/springframework/context/annotation/ConfigurationClass;)V (123 bytes) @ 0x00007fc271899ca4 [0x00007fc271899b60+0x144]
J 5415 C1 org.springframework.context.annotation.ConfigurationClassParser.processImports(Lorg/springframework/context/annotation/ConfigurationClass;Lorg/springframework/context/annotation/ConfigurationClassParser$SourceClass;Ljava/util/Collection;Z)V (372 bytes) @ 0x00007fc271a1dcf4 [0x00007fc271a1c100+0x1bf4]
j  org.springframework.context.annotation.ConfigurationClassParser.processDeferredImportSelectors()V+88
j  org.springframework.context.annotation.ConfigurationClassParser.parse(Ljava/util/Set;)V+179
j  org.springframework.context.annotation.ConfigurationClassPostProcessor.processConfigBeanDefinitions(Lorg/springframework/beans/factory/support/BeanDefinitionRegistry;)V+298
j  org.springframework.context.annotation.ConfigurationClassPostProcessor.postProcessBeanDefinitionRegistry(Lorg/springframework/beans/factory/support/BeanDefinitionRegistry;)V+107
j  org.springframework.context.support.PostProcessorRegistrationDelegate.invokeBeanDefinitionRegistryPostProcessors(Ljava/util/Collection;Lorg/springframework/beans/factory/support/BeanDefinitionRegistry;)V+28
j  org.springframework.context.support.PostProcessorRegistrationDelegate.invokeBeanFactoryPostProcessors(Lorg/springframework/beans/factory/config/ConfigurableListableBeanFactory;Ljava/util/List;)V+229
j  org.springframework.context.support.AbstractApplicationContext.invokeBeanFactoryPostProcessors(Lorg/springframework/beans/factory/config/ConfigurableListableBeanFactory;)V+5
j  org.springframework.context.support.AbstractApplicationContext.refresh()V+28
j  org.springframework.boot.web.servlet.context.ServletWebServerApplicationContext.refresh()V+1
j  org.springframework.boot.SpringApplication.refresh(Lorg/springframework/context/ApplicationContext;)V+10
j  org.springframework.boot.SpringApplication.refreshContext(Lorg/springframework/context/ConfigurableApplicationContext;)V+2
j  org.springframework.boot.SpringApplication.run([Ljava/lang/String;)Lorg/springframework/context/ConfigurableApplicationContext;+118
j  org.springframework.boot.SpringApplication.run([Ljava/lang/Class;[Ljava/lang/String;)Lorg/springframework/context/ConfigurableApplicationContext;+9
j  org.springframework.boot.SpringApplication.run(Ljava/lang/Class;[Ljava/lang/String;)Lorg/springframework/context/ConfigurableApplicationContext;+9
j  com.SWII.OnlineStoreApplication.main([Ljava/lang/String;)V+3
v  ~StubRoutines::call_stub
V  [libjvm.so+0x693e76]  JavaCalls::call_helper(JavaValue*, methodHandle*, JavaCallArguments*, Thread*)+0x1056
V  [libjvm.so+0x9a0837]  Reflection::invoke(instanceKlassHandle, methodHandle, Handle, bool, objArrayHandle, BasicType, objArrayHandle, bool, Thread*)+0x5d7
V  [libjvm.so+0x9a3f47]  Reflection::invoke_method(oopDesc*, Handle, objArrayHandle, Thread*)+0x147
V  [libjvm.so+0x72752b]  JVM_InvokeMethod+0x26b
J 1585  sun.reflect.NativeMethodAccessorImpl.invoke0(Ljava/lang/reflect/Method;Ljava/lang/Object;[Ljava/lang/Object;)Ljava/lang/Object; (0 bytes) @ 0x00007fc2714d712d [0x00007fc2714d7040+0xed]
J 1584 C1 sun.reflect.NativeMethodAccessorImpl.invoke(Ljava/lang/Object;[Ljava/lang/Object;)Ljava/lang/Object; (104 bytes) @ 0x00007fc2714dc78c [0x00007fc2714db600+0x118c]
J 6468 C2 java.lang.reflect.Method.invoke(Ljava/lang/Object;[Ljava/lang/Object;)Ljava/lang/Object; (62 bytes) @ 0x00007fc2722a3ad0 [0x00007fc2722a3a20+0xb0]
j  org.springframework.boot.devtools.restart.RestartLauncher.run()V+41
v  ~StubRoutines::call_stub
V  [libjvm.so+0x693e76]  JavaCalls::call_helper(JavaValue*, methodHandle*, JavaCallArguments*, Thread*)+0x1056
V  [libjvm.so+0x694381]  JavaCalls::call_virtual(JavaValue*, KlassHandle, Symbol*, Symbol*, JavaCallArguments*, Thread*)+0x321
V  [libjvm.so+0x694827]  JavaCalls::call_virtual(JavaValue*, Handle, KlassHandle, Symbol*, Symbol*, Thread*)+0x47
V  [libjvm.so+0x72fbb0]  thread_entry(JavaThread*, Thread*)+0xa0
V  [libjvm.so+0xa79b53]  JavaThread::thread_main_inner()+0x103
V  [libjvm.so+0xa79c9c]  JavaThread::run()+0x11c
V  [libjvm.so+0x92a728]  java_start(Thread*)+0x108
C  [libpthread.so.0+0x77fc]  start_thread+0xdc


---------------  P R O C E S S  ---------------

Java Threads: ( => current thread )
=>0x00007fc228096000 JavaThread "restartedMain" [_thread_in_Java, id=17194, stack(0x00007fc2219ec000,0x00007fc221aed000)]
  0x00007fc22808e000 JavaThread "File Watcher" daemon [_thread_blocked, id=17151, stack(0x00007fc221ef1000,0x00007fc221ff2000)]
  0x00007fc22808d800 JavaThread "File Watcher" daemon [_thread_blocked, id=17113, stack(0x00007fc221bee000,0x00007fc221cef000)]
  0x00007fc22808c800 JavaThread "File Watcher" daemon [_thread_blocked, id=17094, stack(0x00007fc2222f5000,0x00007fc2223f6000)]
  0x00007fc22808c000 JavaThread "File Watcher" daemon [_thread_blocked, id=17072, stack(0x00007fc2223f6000,0x00007fc2224f7000)]
  0x00007fc22808b000 JavaThread "File Watcher" daemon [_thread_blocked, id=17053, stack(0x00007fc2221f4000,0x00007fc2222f5000)]
  0x00007fc22808a800 JavaThread "File Watcher" daemon [_thread_blocked, id=17033, stack(0x00007fc2220f3000,0x00007fc2221f4000)]
  0x00007fc228089800 JavaThread "File Watcher" daemon [_thread_blocked, id=17018, stack(0x00007fc221ff2000,0x00007fc2220f3000)]
  0x00007fc228089000 JavaThread "File Watcher" daemon [_thread_in_native, id=16961, stack(0x00007fc2225f8000,0x00007fc2226f9000)]
  0x00007fc228088000 JavaThread "File Watcher" daemon [_thread_blocked, id=16883, stack(0x00007fc2229fa000,0x00007fc222afb000)]
  0x00007fc228087800 JavaThread "File Watcher" daemon [_thread_blocked, id=16862, stack(0x00007fc221df0000,0x00007fc221ef1000)]
  0x00007fc228086800 JavaThread "File Watcher" daemon [_thread_blocked, id=16837, stack(0x00007fc223dfe000,0x00007fc223eff000)]
  0x00007fc228136000 JavaThread "File Watcher" daemon [_thread_blocked, id=16815, stack(0x00007fc2217ea000,0x00007fc2218eb000)]
  0x00007fc228135000 JavaThread "File Watcher" daemon [_thread_blocked, id=16778, stack(0x00007fc2218eb000,0x00007fc2219ec000)]
  0x00007fc228132000 JavaThread "File Watcher" daemon [_thread_blocked, id=16742, stack(0x00007fc223eff000,0x00007fc224000000)]
  0x00007fc204023000 JavaThread "Thread-6" [_thread_blocked, id=16728, stack(0x00007fc25ca87000,0x00007fc25cb88000)]
  0x00007fc28000e000 JavaThread "DestroyJavaVM" [_thread_blocked, id=16648, stack(0x00007fc287d10000,0x00007fc287e11000)]
  0x00007fc230fc5800 JavaThread "Live Reload Server" daemon [_thread_in_native, id=16679, stack(0x00007fc2228f9000,0x00007fc2229fa000)]
  0x00007fc2304c4000 JavaThread "Abandoned connection cleanup thread" daemon [_thread_blocked, id=16673, stack(0x00007fc223afd000,0x00007fc223bfe000)]
  0x00007fc2800cd800 JavaThread "Service Thread" daemon [_thread_blocked, id=16663, stack(0x00007fc25ed13000,0x00007fc25ee14000)]
  0x00007fc2800c2000 JavaThread "C1 CompilerThread2" daemon [_thread_blocked, id=16662, stack(0x00007fc25ee14000,0x00007fc25ef15000)]
  0x00007fc2800c0800 JavaThread "C2 CompilerThread1" daemon [_thread_blocked, id=16661, stack(0x00007fc25ef15000,0x00007fc25f016000)]
  0x00007fc2800bd800 JavaThread "C2 CompilerThread0" daemon [_thread_blocked, id=16660, stack(0x00007fc25f016000,0x00007fc25f117000)]
  0x00007fc2800bc000 JavaThread "Signal Dispatcher" daemon [_thread_blocked, id=16659, stack(0x00007fc25f117000,0x00007fc25f218000)]
  0x00007fc280088000 JavaThread "Finalizer" daemon [_thread_blocked, id=16658, stack(0x00007fc25f4f5000,0x00007fc25f5f6000)]
  0x00007fc280083800 JavaThread "Reference Handler" daemon [_thread_blocked, id=16657, stack(0x00007fc25f5f6000,0x00007fc25f6f7000)]

Other Threads:
  0x00007fc28007c000 VMThread [stack: 0x00007fc25f6f7000,0x00007fc25f7f8000] [id=16656]
  0x00007fc2800d0800 WatcherThread [stack: 0x00007fc25ec12000,0x00007fc25ed13000] [id=16664]

VM state:not at safepoint (normal execution)

VM Mutex/Monitor currently owned by a thread: None

Heap:
 PSYoungGen      total 253440K, used 28360K [0x00000000d9780000, 0x00000000eb480000, 0x0000000100000000)
  eden space 249344K, 9% used [0x00000000d9780000,0x00000000daf7a410,0x00000000e8b00000)
  from space 4096K, 92% used [0x00000000eb080000,0x00000000eb437ea0,0x00000000eb480000)
  to   space 13824K, 0% used [0x00000000e9980000,0x00000000e9980000,0x00000000ea700000)
 ParOldGen       total 87040K, used 26137K [0x000000008c600000, 0x0000000091b00000, 0x00000000d9780000)
  object space 87040K, 30% used [0x000000008c600000,0x000000008df86640,0x0000000091b00000)
 Metaspace       used 55466K, capacity 58878K, committed 59048K, reserved 1099776K
  class space    used 7202K, capacity 8027K, committed 8104K, reserved 1048576K

Card table byte_map: [0x00007fc2846ae000,0x00007fc284a4c000] byte_map_base: 0x00007fc28424b000

Marking Bits: (ParMarkBitMap*) 0x00007fc2871cbf80
 Begin Bits: [0x00007fc26d630000, 0x00007fc26f318000)
 End Bits:   [0x00007fc26f318000, 0x00007fc271000000)

Polling page: 0x00007fc287e38000

CodeCache: size=245760Kb used=24478Kb max_used=24734Kb free=221282Kb
 bounds [0x00007fc271000000, 0x00007fc272850000, 0x00007fc280000000]
 total_blobs=7270 nmethods=6739 adapters=444
 compilation: enabled

Compilation events (10 events):
Event: 436.505 Thread 0x00007fc2800c2000 8377       1       org.springframework.context.support.AbstractApplicationContext::getParent (5 bytes)
Event: 436.505 Thread 0x00007fc2800c2000 nmethod 8377 0x00007fc27208c750 code [0x00007fc27208c8a0, 0x00007fc27208c9b0]
Event: 436.533 Thread 0x00007fc2800c2000 8378       3       org.springframework.util.ObjectUtils::nullSafeHashCode (48 bytes)
Event: 436.533 Thread 0x00007fc2800c2000 nmethod 8378 0x00007fc271459310 code [0x00007fc271459480, 0x00007fc271459728]
Event: 436.553 Thread 0x00007fc2800c0800 8379       4       org.springframework.boot.autoconfigure.AutoConfigurationSorter$$Lambda$131/753388627::compare (16 bytes)
Event: 436.571 Thread 0x00007fc2800c0800 nmethod 8379 0x00007fc27166e950 code [0x00007fc27166eb60, 0x00007fc27166f6b0]
Event: 436.597 Thread 0x00007fc2800bd800 8380       4       org.springframework.boot.autoconfigure.condition.ConditionEvaluationReport$ConditionAndOutcome::hashCode (22 bytes)
Event: 436.602 Thread 0x00007fc2800bd800 nmethod 8380 0x00007fc271eca610 code [0x00007fc271eca760, 0x00007fc271eca9c8]
Event: 436.606 Thread 0x00007fc2800c0800 8381       4       sun.reflect.annotation.AnnotationInvocationHandler::cloneArray (170 bytes)
Event: 436.609 Thread 0x00007fc2800c0800 nmethod 8381 0x00007fc271736950 code [0x00007fc271736ae0, 0x00007fc271736d58]

GC Heap History (10 events):
Event: 291.710 GC heap before
{Heap before GC invocations=19 (full 3):
 PSYoungGen      total 280576K, used 270063K [0x00000000d9780000, 0x00000000edb00000, 0x0000000100000000)
  eden space 264704K, 100% used [0x00000000d9780000,0x00000000e9a00000,0x00000000e9a00000)
  from space 15872K, 33% used [0x00000000e9a00000,0x00000000e9f3bd50,0x00000000ea980000)
  to   space 15360K, 0% used [0x00000000ecc00000,0x00000000ecc00000,0x00000000edb00000)
 ParOldGen       total 87040K, used 26097K [0x000000008c600000, 0x0000000091b00000, 0x00000000d9780000)
  object space 87040K, 29% used [0x000000008c600000,0x000000008df7c640,0x0000000091b00000)
 Metaspace       used 54256K, capacity 57060K, committed 57128K, reserved 1099776K
  class space    used 7045K, capacity 7653K, committed 7720K, reserved 1048576K
Event: 291.714 GC heap after
Heap after GC invocations=19 (full 3):
 PSYoungGen      total 301568K, used 3279K [0x00000000d9780000, 0x00000000ed400000, 0x0000000100000000)
  eden space 293376K, 0% used [0x00000000d9780000,0x00000000d9780000,0x00000000eb600000)
  from space 8192K, 40% used [0x00000000ecc00000,0x00000000ecf33f10,0x00000000ed400000)
  to   space 15360K, 0% used [0x00000000eb600000,0x00000000eb600000,0x00000000ec500000)
 ParOldGen       total 87040K, used 26105K [0x000000008c600000, 0x0000000091b00000, 0x00000000d9780000)
  object space 87040K, 29% used [0x000000008c600000,0x000000008df7e640,0x0000000091b00000)
 Metaspace       used 54256K, capacity 57060K, committed 57128K, reserved 1099776K
  class space    used 7045K, capacity 7653K, committed 7720K, reserved 1048576K
}
Event: 312.254 GC heap before
{Heap before GC invocations=20 (full 3):
 PSYoungGen      total 301568K, used 296655K [0x00000000d9780000, 0x00000000ed400000, 0x0000000100000000)
  eden space 293376K, 100% used [0x00000000d9780000,0x00000000eb600000,0x00000000eb600000)
  from space 8192K, 40% used [0x00000000ecc00000,0x00000000ecf33f10,0x00000000ed400000)
  to   space 15360K, 0% used [0x00000000eb600000,0x00000000eb600000,0x00000000ec500000)
 ParOldGen       total 87040K, used 26105K [0x000000008c600000, 0x0000000091b00000, 0x00000000d9780000)
  object space 87040K, 29% used [0x000000008c600000,0x000000008df7e640,0x0000000091b00000)
 Metaspace       used 54562K, capacity 57474K, committed 57768K, reserved 1099776K
  class space    used 7082K, capacity 7744K, committed 7848K, reserved 1048576K
Event: 312.260 GC heap after
Heap after GC invocations=20 (full 3):
 PSYoungGen      total 287232K, used 5359K [0x00000000d9780000, 0x00000000ecc80000, 0x0000000100000000)
  eden space 281600K, 0% used [0x00000000d9780000,0x00000000d9780000,0x00000000eaa80000)
  from space 5632K, 95% used [0x00000000eb600000,0x00000000ebb3bd30,0x00000000ebb80000)
  to   space 14848K, 0% used [0x00000000ebe00000,0x00000000ebe00000,0x00000000ecc80000)
 ParOldGen       total 87040K, used 26113K [0x000000008c600000, 0x0000000091b00000, 0x00000000d9780000)
  object space 87040K, 30% used [0x000000008c600000,0x000000008df80640,0x0000000091b00000)
 Metaspace       used 54562K, capacity 57474K, committed 57768K, reserved 1099776K
  class space    used 7082K, capacity 7744K, committed 7848K, reserved 1048576K
}
Event: 333.309 GC heap before
{Heap before GC invocations=21 (full 3):
 PSYoungGen      total 287232K, used 286959K [0x00000000d9780000, 0x00000000ecc80000, 0x0000000100000000)
  eden space 281600K, 100% used [0x00000000d9780000,0x00000000eaa80000,0x00000000eaa80000)
  from space 5632K, 95% used [0x00000000eb600000,0x00000000ebb3bd30,0x00000000ebb80000)
  to   space 14848K, 0% used [0x00000000ebe00000,0x00000000ebe00000,0x00000000ecc80000)
 ParOldGen       total 87040K, used 26113K [0x000000008c600000, 0x0000000091b00000, 0x00000000d9780000)
  object space 87040K, 30% used [0x000000008c600000,0x000000008df80640,0x0000000091b00000)
 Metaspace       used 54899K, capacity 57922K, committed 58024K, reserved 1099776K
  class space    used 7114K, capacity 7828K, committed 7848K, reserved 1048576K
Event: 333.316 GC heap after
Heap after GC invocations=21 (full 3):
 PSYoungGen      total 276480K, used 6111K [0x00000000d9780000, 0x00000000ec400000, 0x0000000100000000)
  eden space 270336K, 0% used [0x00000000d9780000,0x00000000d9780000,0x00000000e9f80000)
  from space 6144K, 99% used [0x00000000ebe00000,0x00000000ec3f7dc0,0x00000000ec400000)
  to   space 14336K, 0% used [0x00000000ea800000,0x00000000ea800000,0x00000000eb600000)
 ParOldGen       total 87040K, used 26121K [0x000000008c600000, 0x0000000091b00000, 0x00000000d9780000)
  object space 87040K, 30% used [0x000000008c600000,0x000000008df82640,0x0000000091b00000)
 Metaspace       used 54899K, capacity 57922K, committed 58024K, reserved 1099776K
  class space    used 7114K, capacity 7828K, committed 7848K, reserved 1048576K
}
Event: 370.359 GC heap before
{Heap before GC invocations=22 (full 3):
 PSYoungGen      total 276480K, used 276447K [0x00000000d9780000, 0x00000000ec400000, 0x0000000100000000)
  eden space 270336K, 100% used [0x00000000d9780000,0x00000000e9f80000,0x00000000e9f80000)
  from space 6144K, 99% used [0x00000000ebe00000,0x00000000ec3f7dc0,0x00000000ec400000)
  to   space 14336K, 0% used [0x00000000ea800000,0x00000000ea800000,0x00000000eb600000)
 ParOldGen       total 87040K, used 26121K [0x000000008c600000, 0x0000000091b00000, 0x00000000d9780000)
  object space 87040K, 30% used [0x000000008c600000,0x000000008df82640,0x0000000091b00000)
 Metaspace       used 55081K, capacity 58226K, committed 58408K, reserved 1099776K
  class space    used 7142K, capacity 7908K, committed 7976K, reserved 1048576K
Event: 370.366 GC heap after
Heap after GC invocations=22 (full 3):
 PSYoungGen      total 264192K, used 4271K [0x00000000d9780000, 0x00000000ebe80000, 0x0000000100000000)
  eden space 259584K, 0% used [0x00000000d9780000,0x00000000d9780000,0x00000000e9500000)
  from space 4608K, 92% used [0x00000000ea800000,0x00000000eac2beb0,0x00000000eac80000)
  to   space 14336K, 0% used [0x00000000eb080000,0x00000000eb080000,0x00000000ebe80000)
 ParOldGen       total 87040K, used 26129K [0x000000008c600000, 0x0000000091b00000, 0x00000000d9780000)
  object space 87040K, 30% used [0x000000008c600000,0x000000008df84640,0x0000000091b00000)
 Metaspace       used 55081K, capacity 58226K, committed 58408K, reserved 1099776K
  class space    used 7142K, capacity 7908K, committed 7976K, reserved 1048576K
}
Event: 436.445 GC heap before
{Heap before GC invocations=23 (full 3):
 PSYoungGen      total 264192K, used 263855K [0x00000000d9780000, 0x00000000ebe80000, 0x0000000100000000)
  eden space 259584K, 100% used [0x00000000d9780000,0x00000000e9500000,0x00000000e9500000)
  from space 4608K, 92% used [0x00000000ea800000,0x00000000eac2beb0,0x00000000eac80000)
  to   space 14336K, 0% used [0x00000000eb080000,0x00000000eb080000,0x00000000ebe80000)
 ParOldGen       total 87040K, used 26129K [0x000000008c600000, 0x0000000091b00000, 0x00000000d9780000)
  object space 87040K, 30% used [0x000000008c600000,0x000000008df84640,0x0000000091b00000)
 Metaspace       used 55306K, capacity 58628K, committed 58792K, reserved 1099776K
  class space    used 7177K, capacity 7985K, committed 8104K, reserved 1048576K
Event: 436.455 GC heap after
Heap after GC invocations=23 (full 3):
 PSYoungGen      total 253440K, used 3807K [0x00000000d9780000, 0x00000000eb480000, 0x0000000100000000)
  eden space 249344K, 0% used [0x00000000d9780000,0x00000000d9780000,0x00000000e8b00000)
  from space 4096K, 92% used [0x00000000eb080000,0x00000000eb437ea0,0x00000000eb480000)
  to   space 13824K, 0% used [0x00000000e9980000,0x00000000e9980000,0x00000000ea700000)
 ParOldGen       total 87040K, used 26137K [0x000000008c600000, 0x0000000091b00000, 0x00000000d9780000)
  object space 87040K, 30% used [0x000000008c600000,0x000000008df86640,0x0000000091b00000)
 Metaspace       used 55306K, capacity 58628K, committed 58792K, reserved 1099776K
  class space    used 7177K, capacity 7985K, committed 8104K, reserved 1048576K
}

Deoptimization events (10 events):
Event: 203.684 Thread 0x00007fc228087800 Uncommon trap: reason=array_check action=maybe_recompile pc=0x00007fc272285b9c method=org.springframework.util.ObjectUtils.addObjectToArray([Ljava/lang/Object;Ljava/lang/Object;)[Ljava/lang/Object; @ 75
Event: 203.686 Thread 0x00007fc228087800 Uncommon trap: reason=array_check action=maybe_recompile pc=0x00007fc272285b9c method=org.springframework.util.ObjectUtils.addObjectToArray([Ljava/lang/Object;Ljava/lang/Object;)[Ljava/lang/Object; @ 75
Event: 203.686 Thread 0x00007fc228087800 Uncommon trap: reason=array_check action=maybe_recompile pc=0x00007fc272285b9c method=org.springframework.util.ObjectUtils.addObjectToArray([Ljava/lang/Object;Ljava/lang/Object;)[Ljava/lang/Object; @ 75
Event: 203.686 Thread 0x00007fc228087800 Uncommon trap: reason=array_check action=maybe_recompile pc=0x00007fc272285b9c method=org.springframework.util.ObjectUtils.addObjectToArray([Ljava/lang/Object;Ljava/lang/Object;)[Ljava/lang/Object; @ 75
Event: 213.000 Thread 0x00007fc228088000 Uncommon trap: reason=null_check action=maybe_recompile pc=0x00007fc272428b20 method=org.springframework.boot.context.properties.source.DefaultPropertyMapper.map(Lorg/springframework/boot/context/properties/source/ConfigurationPropertyName;)[Lorg/springfr
Event: 213.000 Thread 0x00007fc228088000 Uncommon trap: reason=null_check action=maybe_recompile pc=0x00007fc272428b20 method=org.springframework.boot.context.properties.source.DefaultPropertyMapper.map(Lorg/springframework/boot/context/properties/source/ConfigurationPropertyName;)[Lorg/springfr
Event: 213.000 Thread 0x00007fc228088000 Uncommon trap: reason=null_check action=maybe_recompile pc=0x00007fc272428b20 method=org.springframework.boot.context.properties.source.DefaultPropertyMapper.map(Lorg/springframework/boot/context/properties/source/ConfigurationPropertyName;)[Lorg/springfr
Event: 324.742 Thread 0x00007fc22808c000 Uncommon trap: reason=null_check action=make_not_entrant pc=0x00007fc272679734 method=org.springframework.context.support.PropertySourcesPlaceholderConfigurer.lambda$processProperties$0(Lorg/springframework/core/env/ConfigurablePropertyResolver;Ljava/lang
Event: 324.742 Thread 0x00007fc22808c000 Uncommon trap: reason=null_check action=make_not_entrant pc=0x00007fc27267395c method=org.springframework.context.support.PropertySourcesPlaceholderConfigurer.lambda$processProperties$0(Lorg/springframework/core/env/ConfigurablePropertyResolver;Ljava/lang
Event: 333.723 Thread 0x00007fc22808c800 Uncommon trap: reason=predicate action=maybe_recompile pc=0x00007fc271bfe734 method=java.util.Arrays.fill([Ljava/lang/Object;Ljava/lang/Object;)V @ 10

Internal exceptions (10 events):
Event: 371.689 Thread 0x00007fc22808e000 Exception <a 'java/lang/NullPointerException'> (0x00000000ddcbedc8) thrown at [/HUDSON/workspace/8-2-build-linux-amd64/jdk8u151/9699/hotspot/src/share/vm/runtime/sharedRuntime.cpp, line 605]
Event: 371.691 Thread 0x00007fc22808e000 NullPointerException at vtable entry 0x00007fc271121df0
Event: 371.691 Thread 0x00007fc22808e000 Exception <a 'java/lang/NullPointerException'> (0x00000000ddcf8e00) thrown at [/HUDSON/workspace/8-2-build-linux-amd64/jdk8u151/9699/hotspot/src/share/vm/runtime/sharedRuntime.cpp, line 605]
Event: 371.745 Thread 0x00007fc254002000 Exception <a 'java/io/FileNotFoundException'> (0x00000000dffad388) thrown at [/HUDSON/workspace/8-2-build-linux-amd64/jdk8u151/9699/hotspot/src/share/vm/prims/jni.cpp, line 709]
Event: 371.777 Thread 0x00007fc254002000 Exception <a 'java/io/FileNotFoundException'> (0x00000000e031e318) thrown at [/HUDSON/workspace/8-2-build-linux-amd64/jdk8u151/9699/hotspot/src/share/vm/prims/jni.cpp, line 709]
Event: 371.886 Thread 0x00007fc2303f4800 Exception <a 'java/lang/InterruptedException': sleep interrupted> (0x00000000e0367ec0) thrown at [/HUDSON/workspace/8-2-build-linux-amd64/jdk8u151/9699/hotspot/src/share/vm/prims/jvm.cpp, line 3228]
Event: 371.890 Thread 0x00007fc23042e000 Exception <a 'java/lang/InterruptedException': sleep interrupted> (0x00000000e0b5fa60) thrown at [/HUDSON/workspace/8-2-build-linux-amd64/jdk8u151/9699/hotspot/src/share/vm/prims/jvm.cpp, line 3228]
Event: 371.895 Thread 0x00007fc22808e000 Exception <a 'java/lang/reflect/InvocationTargetException'> (0x00000000e0bef140) thrown at [/HUDSON/workspace/8-2-build-linux-amd64/jdk8u151/9699/hotspot/src/share/vm/runtime/reflection.cpp, line 1092]
Event: 436.434 Thread 0x00007fc228096000 Exception <a 'java/io/FileNotFoundException'> (0x00000000e945ad78) thrown at [/HUDSON/workspace/8-2-build-linux-amd64/jdk8u151/9699/hotspot/src/share/vm/prims/jni.cpp, line 709]
Event: 436.735 Thread 0x00007fc228096000 Implicit null exception at 0x00007fc271563624 to 0x0000000000000000

Events (10 events):
Event: 436.712 loading class org/eclipse/jetty/server/Server
Event: 436.712 loading class org/eclipse/jetty/server/Server done
Event: 436.712 loading class org/eclipse/jetty/util/Loader
Event: 436.712 loading class org/eclipse/jetty/util/Loader done
Event: 436.712 loading class org/eclipse/jetty/webapp/WebAppContext
Event: 436.712 loading class org/eclipse/jetty/webapp/WebAppContext done
Event: 436.713 loading class io/undertow/Undertow
Event: 436.713 loading class io/undertow/Undertow done
Event: 436.713 loading class org/xnio/SslClientAuthMode
Event: 436.713 loading class org/xnio/SslClientAuthMode done


Dynamic libraries:
00400000-00401000 r-xp 00000000 08:07 812657                             /usr/lib/jvm/java-8-oracle/bin/java
00600000-00601000 rw-p 00000000 08:07 812657                             /usr/lib/jvm/java-8-oracle/bin/java
01031000-012f2000 rw-p 00000000 00:00 0                                  [heap]
8c600000-91b00000 rw-p 00000000 00:00 0 
91b00000-d9780000 ---p 00000000 00:00 0 
d9780000-eb480000 rw-p 00000000 00:00 0 
eb480000-100000000 ---p 00000000 00:00 0 
100000000-1007ea000 rw-p 00000000 00:00 0 
1007ea000-140000000 ---p 00000000 00:00 0 
7fc1ec000000-7fc1ec022000 rw-p 00000000 00:00 0 
7fc1ec022000-7fc1f0000000 ---p 00000000 00:00 0 
7fc1f0000000-7fc1f0076000 rw-p 00000000 00:00 0 
7fc1f0076000-7fc1f4000000 ---p 00000000 00:00 0 
7fc1f4000000-7fc1f4021000 rw-p 00000000 00:00 0 
7fc1f4021000-7fc1f8000000 ---p 00000000 00:00 0 
7fc1f8000000-7fc1f806a000 rw-p 00000000 00:00 0 
7fc1f806a000-7fc1fc000000 ---p 00000000 00:00 0 
7fc1fc000000-7fc1fc075000 rw-p 00000000 00:00 0 
7fc1fc075000-7fc200000000 ---p 00000000 00:00 0 
7fc200000000-7fc20002b000 rw-p 00000000 00:00 0 
7fc20002b000-7fc204000000 ---p 00000000 00:00 0 
7fc204000000-7fc204043000 rw-p 00000000 00:00 0 
7fc204043000-7fc208000000 ---p 00000000 00:00 0 
7fc208000000-7fc208021000 rw-p 00000000 00:00 0 
7fc208021000-7fc20c000000 ---p 00000000 00:00 0 
7fc20c000000-7fc20c02e000 rw-p 00000000 00:00 0 
7fc20c02e000-7fc210000000 ---p 00000000 00:00 0 
7fc210000000-7fc21003a000 rw-p 00000000 00:00 0 
7fc21003a000-7fc214000000 ---p 00000000 00:00 0 
7fc214000000-7fc214021000 rw-p 00000000 00:00 0 
7fc214021000-7fc218000000 ---p 00000000 00:00 0 
7fc218000000-7fc218021000 rw-p 00000000 00:00 0 
7fc218021000-7fc21c000000 ---p 00000000 00:00 0 
7fc21c000000-7fc21c2b2000 rw-p 00000000 00:00 0 
7fc21c2b2000-7fc220000000 ---p 00000000 00:00 0 
7fc2215ea000-7fc2217aa000 rw-p 00000000 00:00 0 
7fc2217aa000-7fc2217ea000 ---p 00000000 00:00 0 
7fc2217ea000-7fc2217ed000 ---p 00000000 00:00 0 
7fc2217ed000-7fc2218eb000 rw-p 00000000 00:00 0 
7fc2218eb000-7fc2218ee000 ---p 00000000 00:00 0 
7fc2218ee000-7fc2219ec000 rw-p 00000000 00:00 0 
7fc2219ec000-7fc2219ef000 ---p 00000000 00:00 0 
7fc2219ef000-7fc221aed000 rw-p 00000000 00:00 0 
7fc221aed000-7fc221af0000 ---p 00000000 00:00 0 
7fc221af0000-7fc221bee000 rw-p 00000000 00:00 0 
7fc221bee000-7fc221bf1000 ---p 00000000 00:00 0 
7fc221bf1000-7fc221cef000 rw-p 00000000 00:00 0 
7fc221cef000-7fc221cf2000 ---p 00000000 00:00 0 
7fc221cf2000-7fc221df0000 rw-p 00000000 00:00 0 
7fc221df0000-7fc221df3000 ---p 00000000 00:00 0 
7fc221df3000-7fc221ef1000 rw-p 00000000 00:00 0 
7fc221ef1000-7fc221ef4000 ---p 00000000 00:00 0 
7fc221ef4000-7fc221ff2000 rw-p 00000000 00:00 0 
7fc221ff2000-7fc221ff5000 ---p 00000000 00:00 0 
7fc221ff5000-7fc2220f3000 rw-p 00000000 00:00 0 
7fc2220f3000-7fc2220f6000 ---p 00000000 00:00 0 
7fc2220f6000-7fc2221f4000 rw-p 00000000 00:00 0 
7fc2221f4000-7fc2221f7000 ---p 00000000 00:00 0 
7fc2221f7000-7fc2222f5000 rw-p 00000000 00:00 0 
7fc2222f5000-7fc2222f8000 ---p 00000000 00:00 0 
7fc2222f8000-7fc2223f6000 rw-p 00000000 00:00 0 
7fc2223f6000-7fc2223f9000 ---p 00000000 00:00 0 
7fc2223f9000-7fc2224f7000 rw-p 00000000 00:00 0 
7fc2224f7000-7fc2224fa000 ---p 00000000 00:00 0 
7fc2224fa000-7fc2225f8000 rw-p 00000000 00:00 0 
7fc2225f8000-7fc2225fb000 ---p 00000000 00:00 0 
7fc2225fb000-7fc2228f9000 rw-p 00000000 00:00 0 
7fc2228f9000-7fc2228fc000 ---p 00000000 00:00 0 
7fc2228fc000-7fc2229fa000 rw-p 00000000 00:00 0 
7fc2229fa000-7fc2229fd000 ---p 00000000 00:00 0 
7fc2229fd000-7fc222cfb000 rw-p 00000000 00:00 0 
7fc222cfb000-7fc222efb000 rw-p 00000000 00:00 0 
7fc222efb000-7fc2230fb000 rw-p 00000000 00:00 0 
7fc2230fb000-7fc2232fb000 rw-p 00000000 00:00 0 
7fc2232fb000-7fc2234fb000 rw-p 00000000 00:00 0 
7fc2234fb000-7fc2236fb000 rw-p 00000000 00:00 0 
7fc2236fb000-7fc2236fe000 ---p 00000000 00:00 0 
7fc2236fe000-7fc2237fc000 rw-p 00000000 00:00 0 
7fc2237fc000-7fc2237ff000 ---p 00000000 00:00 0 
7fc2237ff000-7fc223afd000 rw-p 00000000 00:00 0 
7fc223afd000-7fc223b00000 ---p 00000000 00:00 0 
7fc223b00000-7fc223dfe000 rw-p 00000000 00:00 0 
7fc223dfe000-7fc223e01000 ---p 00000000 00:00 0 
7fc223e01000-7fc223eff000 rw-p 00000000 00:00 0 
7fc223eff000-7fc223f02000 ---p 00000000 00:00 0 
7fc223f02000-7fc224000000 rw-p 00000000 00:00 0 
7fc224000000-7fc224684000 rw-p 00000000 00:00 0 
7fc224684000-7fc228000000 ---p 00000000 00:00 0 
7fc228000000-7fc228141000 rw-p 00000000 00:00 0 
7fc228141000-7fc22c000000 ---p 00000000 00:00 0 
7fc22c000000-7fc22c034000 rw-p 00000000 00:00 0 
7fc22c034000-7fc230000000 ---p 00000000 00:00 0 
7fc230000000-7fc23101b000 rw-p 00000000 00:00 0 
7fc23101b000-7fc234000000 ---p 00000000 00:00 0 
7fc234000000-7fc234021000 rw-p 00000000 00:00 0 
7fc234021000-7fc238000000 ---p 00000000 00:00 0 
7fc238000000-7fc238021000 rw-p 00000000 00:00 0 
7fc238021000-7fc23c000000 ---p 00000000 00:00 0 
7fc23c000000-7fc23e2a8000 rw-p 00000000 00:00 0 
7fc23e2a8000-7fc240000000 ---p 00000000 00:00 0 
7fc240000000-7fc2412f1000 rw-p 00000000 00:00 0 
7fc2412f1000-7fc244000000 ---p 00000000 00:00 0 
7fc244000000-7fc244021000 rw-p 00000000 00:00 0 
7fc244021000-7fc248000000 ---p 00000000 00:00 0 
7fc248000000-7fc24a178000 rw-p 00000000 00:00 0 
7fc24a178000-7fc24c000000 ---p 00000000 00:00 0 
7fc24c000000-7fc24c021000 rw-p 00000000 00:00 0 
7fc24c021000-7fc250000000 ---p 00000000 00:00 0 
7fc250000000-7fc250021000 rw-p 00000000 00:00 0 
7fc250021000-7fc254000000 ---p 00000000 00:00 0 
7fc254000000-7fc25408b000 rw-p 00000000 00:00 0 
7fc25408b000-7fc258000000 ---p 00000000 00:00 0 
7fc258000000-7fc258021000 rw-p 00000000 00:00 0 
7fc258021000-7fc25c000000 ---p 00000000 00:00 0 
7fc25c087000-7fc25c287000 rw-p 00000000 00:00 0 
7fc25c287000-7fc25c487000 rw-p 00000000 00:00 0 
7fc25c487000-7fc25c687000 rw-p 00000000 00:00 0 
7fc25c687000-7fc25c887000 rw-p 00000000 00:00 0 
7fc25c887000-7fc25ca87000 rw-p 00000000 00:00 0 
7fc25ca87000-7fc25ca8a000 ---p 00000000 00:00 0 
7fc25ca8a000-7fc25cd88000 rw-p 00000000 00:00 0 
7fc25cd88000-7fc25cd99000 r-xp 00000000 08:07 814923                     /usr/lib/jvm/java-8-oracle/jre/lib/amd64/libnio.so
7fc25cd99000-7fc25cf98000 ---p 00011000 08:07 814923                     /usr/lib/jvm/java-8-oracle/jre/lib/amd64/libnio.so
7fc25cf98000-7fc25cf99000 rw-p 00010000 08:07 814923                     /usr/lib/jvm/java-8-oracle/jre/lib/amd64/libnio.so
7fc25cf99000-7fc25d199000 rw-p 00000000 00:00 0 
7fc25d199000-7fc25d399000 rw-p 00000000 00:00 0 
7fc25d399000-7fc25d599000 rw-p 00000000 00:00 0 
7fc25d599000-7fc25d609000 r-xp 00000000 08:07 138677                     /lib/x86_64-linux-gnu/libpcre.so.3.13.3
7fc25d609000-7fc25d809000 ---p 00070000 08:07 138677                     /lib/x86_64-linux-gnu/libpcre.so.3.13.3
7fc25d809000-7fc25d80a000 r--p 00070000 08:07 138677                     /lib/x86_64-linux-gnu/libpcre.so.3.13.3
7fc25d80a000-7fc25d80b000 rw-p 00071000 08:07 138677                     /lib/x86_64-linux-gnu/libpcre.so.3.13.3
7fc25d80b000-7fc25d830000 r-xp 00000000 08:07 134137                     /lib/x86_64-linux-gnu/libselinux.so.1
7fc25d830000-7fc25da2f000 ---p 00025000 08:07 134137                     /lib/x86_64-linux-gnu/libselinux.so.1
7fc25da2f000-7fc25da30000 r--p 00024000 08:07 134137                     /lib/x86_64-linux-gnu/libselinux.so.1
7fc25da30000-7fc25da31000 rw-p 00025000 08:07 134137                     /lib/x86_64-linux-gnu/libselinux.so.1
7fc25da31000-7fc25da33000 rw-p 00000000 00:00 0 
7fc25da33000-7fc25da70000 r-xp 00000000 08:07 134138                     /lib/x86_64-linux-gnu/libnss_resolve.so.2
7fc25da70000-7fc25dc6f000 ---p 0003d000 08:07 134138                     /lib/x86_64-linux-gnu/libnss_resolve.so.2
7fc25dc6f000-7fc25dc72000 r--p 0003c000 08:07 134138                     /lib/x86_64-linux-gnu/libnss_resolve.so.2
7fc25dc72000-7fc25dc73000 rw-p 0003f000 08:07 134138                     /lib/x86_64-linux-gnu/libnss_resolve.so.2
7fc25dc73000-7fc25dc75000 r-xp 00000000 08:07 154243                     /lib/x86_64-linux-gnu/libnss_mdns4_minimal.so.2
7fc25dc75000-7fc25de74000 ---p 00002000 08:07 154243                     /lib/x86_64-linux-gnu/libnss_mdns4_minimal.so.2
7fc25de74000-7fc25de75000 r--p 00001000 08:07 154243                     /lib/x86_64-linux-gnu/libnss_mdns4_minimal.so.2
7fc25de75000-7fc25de76000 rw-p 00002000 08:07 154243                     /lib/x86_64-linux-gnu/libnss_mdns4_minimal.so.2
7fc25de8d000-7fc25de90000 r--s 0001a000 08:07 814936                     /usr/lib/jvm/java-8-oracle/jre/lib/jce.jar
7fc25de90000-7fc25de95000 r--s 0009a000 08:07 814763                     /usr/lib/jvm/java-8-oracle/jre/lib/jsse.jar
7fc25de95000-7fc25de9a000 r--s 002f9000 08:07 814704                     /usr/lib/jvm/java-8-oracle/jre/lib/charsets.jar
7fc25de9a000-7fc25deb1000 r-xp 00000000 08:07 814920                     /usr/lib/jvm/java-8-oracle/jre/lib/amd64/libnet.so
7fc25deb1000-7fc25e0b0000 ---p 00017000 08:07 814920                     /usr/lib/jvm/java-8-oracle/jre/lib/amd64/libnet.so
7fc25e0b0000-7fc25e0b1000 rw-p 00016000 08:07 814920                     /usr/lib/jvm/java-8-oracle/jre/lib/amd64/libnet.so
7fc25e0b1000-7fc25e0ba000 r-xp 00000000 08:07 814928                     /usr/lib/jvm/java-8-oracle/jre/lib/amd64/libmanagement.so
7fc25e0ba000-7fc25e2b9000 ---p 00009000 08:07 814928                     /usr/lib/jvm/java-8-oracle/jre/lib/amd64/libmanagement.so
7fc25e2b9000-7fc25e2ba000 rw-p 00008000 08:07 814928                     /usr/lib/jvm/java-8-oracle/jre/lib/amd64/libmanagement.so
7fc25e2ba000-7fc25e350000 r--s 01110000 08:07 814768                     /usr/lib/jvm/java-8-oracle/jre/lib/ext/jfxrt.jar
7fc25e350000-7fc25e550000 rw-p 00000000 00:00 0 
7fc25e550000-7fc25e750000 rw-p 00000000 00:00 0 
7fc25e750000-7fc25e753000 ---p 00000000 00:00 0 
7fc25e753000-7fc25e851000 rw-p 00000000 00:00 0 
7fc25e851000-7fc25e854000 ---p 00000000 00:00 0 
7fc25e854000-7fc25e952000 rw-p 00000000 00:00 0 
7fc25e952000-7fc25e955000 ---p 00000000 00:00 0 
7fc25e955000-7fc25ea53000 rw-p 00000000 00:00 0 
7fc25ea53000-7fc25ea59000 r--s 0002d000 08:07 1217023                    /home/hesham/.m2/repository/org/springframework/boot/spring-boot-devtools/2.0.0.RELEASE/spring-boot-devtools-2.0.0.RELEASE.jar
7fc25ea59000-7fc25ea5e000 r--s 0003c000 08:07 1216450                    /home/hesham/.m2/repository/org/springframework/spring-expression/5.0.4.RELEASE/spring-expression-5.0.4.RELEASE.jar
7fc25ea5e000-7fc25ea78000 r--s 000ee000 08:07 1216443                    /home/hesham/.m2/repository/org/springframework/spring-context/5.0.4.RELEASE/spring-context-5.0.4.RELEASE.jar
7fc25ea78000-7fc25ea84000 r--s 00094000 08:07 1216421                    /home/hesham/.m2/repository/org/springframework/spring-beans/5.0.4.RELEASE/spring-beans-5.0.4.RELEASE.jar
7fc25ea84000-7fc25ea8d000 r--s 0004f000 08:07 1216408                    /home/hesham/.m2/repository/org/springframework/spring-aop/5.0.4.RELEASE/spring-aop-5.0.4.RELEASE.jar
7fc25ea8d000-7fc25ea9c000 r--s 000b0000 08:07 1216400                    /home/hesham/.m2/repository/org/springframework/spring-webmvc/5.0.4.RELEASE/spring-webmvc-5.0.4.RELEASE.jar
7fc25ea9c000-7fc25eaa6000 r--s 000eb000 08:07 1216347                    /home/hesham/.m2/repository/mysql/mysql-connector-java/5.1.45/mysql-connector-java-5.1.45.jar
7fc25eaa6000-7fc25eaa7000 r--s 00009000 08:07 1216331                    /home/hesham/.m2/repository/org/thymeleaf/extras/thymeleaf-extras-java8time/3.0.1.RELEASE/thymeleaf-extras-java8time-3.0.1.RELEASE.jar
7fc25eaa7000-7fc25eaaa000 r--s 00026000 08:07 1216322                    /home/hesham/.m2/repository/org/unbescape/unbescape/1.1.5.RELEASE/unbescape-1.1.5.RELEASE.jar
7fc25eaaa000-7fc25eaae000 r--s 00035000 08:07 1216311                    /home/hesham/.m2/repository/org/attoparser/attoparser/2.0.4.RELEASE/attoparser-2.0.4.RELEASE.jar
7fc25eaae000-7fc25eabe000 r--s 000c5000 08:07 1216288                    /home/hesham/.m2/repository/org/thymeleaf/thymeleaf/3.0.9.RELEASE/thymeleaf-3.0.9.RELEASE.jar
7fc25eabe000-7fc25eac2000 r--s 00027000 08:07 1216278                    /home/hesham/.m2/repository/org/thymeleaf/thymeleaf-spring5/3.0.9.RELEASE/thymeleaf-spring5-3.0.9.RELEASE.jar
7fc25eac2000-7fc25eac5000 r--s 00008000 08:07 1216251                    /home/hesham/.m2/repository/org/springframework/spring-aspects/5.0.4.RELEASE/spring-aspects-5.0.4.RELEASE.jar
7fc25eac5000-7fc25eacc000 r--s 00036000 08:07 1216216                    /home/hesham/.m2/repository/org/springframework/spring-tx/5.0.4.RELEASE/spring-tx-5.0.4.RELEASE.jar
7fc25eacc000-7fc25ead0000 r--s 0002a000 08:07 1216205                    /home/hesham/.m2/repository/org/springframework/spring-orm/5.0.4.RELEASE/spring-orm-5.0.4.RELEASE.jar
7fc25ead0000-7fc25eae7000 r--s 000ed000 08:07 1216194                    /home/hesham/.m2/repository/org/springframework/data/spring-data-commons/2.0.5.RELEASE/spring-data-commons-2.0.5.RELEASE.jar
7fc25eae7000-7fc25eaee000 r--s 00049000 08:07 1216183                    /home/hesham/.m2/repository/org/springframework/data/spring-data-jpa/2.0.5.RELEASE/spring-data-jpa-2.0.5.RELEASE.jar
7fc25eaee000-7fc25eaf0000 r--s 00006000 08:07 1216177                    /home/hesham/.m2/repository/javax/transaction/javax.transaction-api/1.2/javax.transaction-api-1.2.jar
7fc25eaf0000-7fc25eaf3000 r--s 00010000 08:07 1216169                    /home/hesham/.m2/repository/org/hibernate/common/hibernate-commons-annotations/5.0.1.Final/hibernate-commons-annotations-5.0.1.Final.jar
7fc25eaf3000-7fc25eaf8000 r--s 00048000 08:07 1215839                    /home/hesham/.m2/repository/dom4j/dom4j/1.6.1/dom4j-1.6.1.jar
7fc25eaf8000-7fc25eafb000 r--s 0002b000 08:07 1215832                    /home/hesham/.m2/repository/org/jboss/jandex/2.0.3.Final/jandex-2.0.3.Final.jar
7fc25eafb000-7fc25eb00000 r--s 00068000 08:07 1215772                    /home/hesham/.m2/repository/antlr/antlr/2.7.7/antlr-2.7.7.jar
7fc25eb00000-7fc25eb0a000 r--s 000ab000 08:07 1215765                    /home/hesham/.m2/repository/org/javassist/javassist/3.22.0-GA/javassist-3.22.0-GA.jar
7fc25eb0a000-7fc25eb0f000 r--s 00017000 08:07 1215758                    /home/hesham/.m2/repository/org/hibernate/javax/persistence/hibernate-jpa-2.1-api/1.0.0.Final/hibernate-jpa-2.1-api-1.0.0.Final.jar
7fc25eb0f000-7fc25eb8d000 r--s 005ec000 08:07 1215751                    /home/hesham/.m2/repository/org/hibernate/hibernate-core/5.2.14.Final/hibernate-core-5.2.14.Final.jar
7fc25eb8d000-7fc25eb96000 r--s 00057000 08:07 1215744                    /home/hesham/.m2/repository/org/springframework/spring-jdbc/5.0.4.RELEASE/spring-jdbc-5.0.4.RELEASE.jar
7fc25eb96000-7fc25eb99000 r--s 00020000 08:07 1215739                    /home/hesham/.m2/repository/com/zaxxer/HikariCP/2.7.8/HikariCP-2.7.8.jar
7fc25eb99000-7fc25ebb2000 r--s 001bf000 08:07 1215697                    /home/hesham/.m2/repository/org/aspectj/aspectjweaver/1.8.13/aspectjweaver-1.8.13.jar
7fc25ebb2000-7fc25ebcc000 r--s 00116000 08:07 1215674                    /home/hesham/.m2/repository/org/springframework/spring-web/5.0.4.RELEASE/spring-web-5.0.4.RELEASE.jar
7fc25ebcc000-7fc25ebe8000 r--s 000f5000 08:07 1215636                    /home/hesham/.m2/repository/org/hibernate/validator/hibernate-validator/6.0.7.Final/hibernate-validator-6.0.7.Final.jar
7fc25ebe8000-7fc25ec12000 r--s 002ce000 08:07 1215611                    /home/hesham/.m2/repository/org/apache/tomcat/embed/tomcat-embed-core/8.5.28/tomcat-embed-core-8.5.28.jar
7fc25ec12000-7fc25ec13000 ---p 00000000 00:00 0 
7fc25ec13000-7fc25ed13000 rw-p 00000000 00:00 0 
7fc25ed13000-7fc25ed16000 ---p 00000000 00:00 0 
7fc25ed16000-7fc25ee14000 rw-p 00000000 00:00 0 
7fc25ee14000-7fc25ee17000 ---p 00000000 00:00 0 
7fc25ee17000-7fc25ef15000 rw-p 00000000 00:00 0 
7fc25ef15000-7fc25ef18000 ---p 00000000 00:00 0 
7fc25ef18000-7fc25f016000 rw-p 00000000 00:00 0 
7fc25f016000-7fc25f019000 ---p 00000000 00:00 0 
7fc25f019000-7fc25f117000 rw-p 00000000 00:00 0 
7fc25f117000-7fc25f11a000 ---p 00000000 00:00 0 
7fc25f11a000-7fc25f218000 rw-p 00000000 00:00 0 
7fc25f218000-7fc25f4f5000 r--p 00000000 08:07 1673                       /usr/lib/locale/locale-archive
7fc25f4f5000-7fc25f4f8000 ---p 00000000 00:00 0 
7fc25f4f8000-7fc25f5f6000 rw-p 00000000 00:00 0 
7fc25f5f6000-7fc25f5f9000 ---p 00000000 00:00 0 
7fc25f5f9000-7fc25f6f7000 rw-p 00000000 00:00 0 
7fc25f6f7000-7fc25f6f8000 ---p 00000000 00:00 0 
7fc25f6f8000-7fc260000000 rw-p 00000000 00:00 0 
7fc260000000-7fc260021000 rw-p 00000000 00:00 0 
7fc260021000-7fc264000000 ---p 00000000 00:00 0 
7fc264000000-7fc264021000 rw-p 00000000 00:00 0 
7fc264021000-7fc268000000 ---p 00000000 00:00 0 
7fc268000000-7fc268021000 rw-p 00000000 00:00 0 
7fc268021000-7fc26c000000 ---p 00000000 00:00 0 
7fc26c000000-7fc26c001000 r--s 00000000 08:07 1216268                    /home/hesham/.m2/repository/org/springframework/boot/spring-boot-starter-thymeleaf/2.0.0.RELEASE/spring-boot-starter-thymeleaf-2.0.0.RELEASE.jar
7fc26c001000-7fc26c002000 r--s 00000000 08:07 1215707                    /home/hesham/.m2/repository/org/springframework/boot/spring-boot-starter-jdbc/2.0.0.RELEASE/spring-boot-starter-jdbc-2.0.0.RELEASE.jar
7fc26c002000-7fc26c003000 r--s 00000000 08:07 1215684                    /home/hesham/.m2/repository/org/springframework/boot/spring-boot-starter-aop/2.0.0.RELEASE/spring-boot-starter-aop-2.0.0.RELEASE.jar
7fc26c003000-7fc26c004000 r--s 00000000 08:07 1215679                    /home/hesham/.m2/repository/org/springframework/boot/spring-boot-starter-data-jpa/2.0.0.RELEASE/spring-boot-starter-data-jpa-2.0.0.RELEASE.jar
7fc26c004000-7fc26c006000 r--s 00009000 08:07 1216242                    /home/hesham/.m2/repository/org/slf4j/slf4j-api/1.7.25/slf4j-api-1.7.25.jar
7fc26c006000-7fc26c008000 r--s 0000e000 08:07 1215665                    /home/hesham/.m2/repository/com/fasterxml/classmate/1.3.4/classmate-1.3.4.jar
7fc26c008000-7fc26c00a000 r--s 0000f000 08:07 1215653                    /home/hesham/.m2/repository/org/jboss/logging/jboss-logging/3.3.2.Final/jboss-logging-3.3.2.Final.jar
7fc26c00a000-7fc26c00f000 r--s 00012000 08:07 1215646                    /home/hesham/.m2/repository/javax/validation/validation-api/2.0.1.Final/validation-api-2.0.1.Final.jar
7fc26c00f000-7fc26c014000 r--s 0003a000 08:07 1215629                    /home/hesham/.m2/repository/org/apache/tomcat/embed/tomcat-embed-websocket/8.5.28/tomcat-embed-websocket-8.5.28.jar
7fc26c014000-7fc26c018000 r--s 00037000 08:07 1215618                    /home/hesham/.m2/repository/org/apache/tomcat/embed/tomcat-embed-el/8.5.28/tomcat-embed-el-8.5.28.jar
7fc26c018000-7fc26c019000 r--s 00000000 08:07 1215604                    /home/hesham/.m2/repository/org/springframework/boot/spring-boot-starter-tomcat/2.0.0.RELEASE/spring-boot-starter-tomcat-2.0.0.RELEASE.jar
7fc26c019000-7fc26c01b000 r--s 00001000 08:07 1215599                    /home/hesham/.m2/repository/com/fasterxml/jackson/module/jackson-module-parameter-names/2.9.4/jackson-module-parameter-names-2.9.4.jar
7fc26c01b000-7fc26c01d000 r--s 00016000 08:07 1215592                    /home/hesham/.m2/repository/com/fasterxml/jackson/datatype/jackson-datatype-jsr310/2.9.4/jackson-datatype-jsr310-2.9.4.jar
7fc26c01d000-7fc26c01f000 r--s 00007000 08:07 1215585                    /home/hesham/.m2/repository/com/fasterxml/jackson/datatype/jackson-datatype-jdk8/2.9.4/jackson-datatype-jdk8-2.9.4.jar
7fc26c01f000-7fc26c023000 r--s 0004b000 08:07 1215578                    /home/hesham/.m2/repository/com/fasterxml/jackson/core/jackson-core/2.9.4/jackson-core-2.9.4.jar
7fc26c023000-7fc26c026000 r--s 0000e000 08:07 1215432                    /home/hesham/.m2/repository/com/fasterxml/jackson/core/jackson-annotations/2.9.0/jackson-annotations-2.9.0.jar
7fc26c026000-7fc26c039000 r--s 00136000 08:07 1215410                    /home/hesham/.m2/repository/com/fasterxml/jackson/core/jackson-databind/2.9.4/jackson-databind-2.9.4.jar
7fc26c039000-7fc26c03a000 r--s 00000000 08:07 1215395                    /home/hesham/.m2/repository/org/springframework/boot/spring-boot-starter-json/2.0.0.RELEASE/spring-boot-starter-json-2.0.0.RELEASE.jar
7fc26c03a000-7fc26c041000 r--s 00042000 08:07 1215315                    /home/hesham/.m2/repository/org/yaml/snakeyaml/1.19/snakeyaml-1.19.jar
7fc26c041000-7fc26c058000 r--s 00112000 08:07 1215295                    /home/hesham/.m2/repository/org/springframework/spring-core/5.0.4.RELEASE/spring-core-5.0.4.RELEASE.jar
7fc26c058000-7fc26c05a000 r--s 00005000 08:07 1215286                    /home/hesham/.m2/repository/javax/annotation/javax.annotation-api/1.3.2/javax.annotation-api-1.3.2.jar
7fc26c05a000-7fc26c060000 r--s 00039000 08:07 1215272                    /home/hesham/.m2/repository/org/apache/logging/log4j/log4j-api/2.10.0/log4j-api-2.10.0.jar
7fc26c060000-7fc26c06b000 r--s 00069000 08:07 1215250                    /home/hesham/.m2/repository/ch/qos/logback/logback-core/1.2.3/logback-core-1.2.3.jar
7fc26c06b000-7fc26c08b000 r--s 000f8000 08:07 1206548                    /home/hesham/.m2/repository/org/springframework/boot/spring-boot-autoconfigure/2.0.0.RELEASE/spring-boot-autoconfigure-2.0.0.RELEASE.jar
7fc26c08b000-7fc26c844000 rw-p 00000000 00:00 0 
7fc26c844000-7fc26ca1d000 r--s 03d5a000 08:07 814706                     /usr/lib/jvm/java-8-oracle/jre/lib/rt.jar
7fc26ca1d000-7fc271000000 rw-p 00000000 00:00 0 
7fc271000000-7fc272850000 rwxp 00000000 00:00 0 
7fc272850000-7fc280000000 ---p 00000000 00:00 0 
7fc280000000-7fc2807e8000 rw-p 00000000 00:00 0 
7fc2807e8000-7fc284000000 ---p 00000000 00:00 0 
7fc284000000-7fc284001000 r--s 00000000 08:07 1215383                    /home/hesham/.m2/repository/org/springframework/boot/spring-boot-starter-web/2.0.0.RELEASE/spring-boot-starter-web-2.0.0.RELEASE.jar
7fc284001000-7fc284003000 r--s 00000000 08:07 1215279                    /home/hesham/.m2/repository/org/slf4j/jul-to-slf4j/1.7.25/jul-to-slf4j-1.7.25.jar
7fc284003000-7fc284005000 r--s 00003000 08:07 1215265                    /home/hesham/.m2/repository/org/apache/logging/log4j/log4j-to-slf4j/2.10.0/log4j-to-slf4j-2.10.0.jar
7fc284005000-7fc28400b000 r--s 00041000 08:07 1208186                    /home/hesham/.m2/repository/ch/qos/logback/logback-classic/1.2.3/logback-classic-1.2.3.jar
7fc28400b000-7fc284020000 r--s 000cd000 08:07 1194682                    /home/hesham/.m2/repository/org/springframework/boot/spring-boot/2.0.0.RELEASE/spring-boot-2.0.0.RELEASE.jar
7fc284020000-7fc284041000 rw-p 00000000 00:00 0 
7fc284041000-7fc284042000 ---p 00000000 00:00 0 
7fc284042000-7fc284142000 rw-p 00000000 00:00 0 
7fc284142000-7fc284143000 ---p 00000000 00:00 0 
7fc284143000-7fc284243000 rw-p 00000000 00:00 0 
7fc284243000-7fc284244000 ---p 00000000 00:00 0 
7fc284244000-7fc284344000 rw-p 00000000 00:00 0 
7fc284344000-7fc284345000 ---p 00000000 00:00 0 
7fc284345000-7fc284470000 rw-p 00000000 00:00 0 
7fc284470000-7fc2846ae000 ---p 00000000 00:00 0 
7fc2846ae000-7fc2846d9000 rw-p 00000000 00:00 0 
7fc2846d9000-7fc284916000 ---p 00000000 00:00 0 
7fc284916000-7fc2849a6000 rw-p 00000000 00:00 0 
7fc2849a6000-7fc284a4b000 ---p 00000000 00:00 0 
7fc284a4b000-7fc284aae000 rw-p 00000000 00:00 0 
7fc284aae000-7fc284e0c000 ---p 00000000 00:00 0 
7fc284e0c000-7fc284e27000 r-xp 00000000 08:07 814916                     /usr/lib/jvm/java-8-oracle/jre/lib/amd64/libzip.so
7fc284e27000-7fc285027000 ---p 0001b000 08:07 814916                     /usr/lib/jvm/java-8-oracle/jre/lib/amd64/libzip.so
7fc285027000-7fc285028000 rw-p 0001b000 08:07 814916                     /usr/lib/jvm/java-8-oracle/jre/lib/amd64/libzip.so
7fc285028000-7fc285033000 r-xp 00000000 08:07 144683                     /lib/x86_64-linux-gnu/libnss_files-2.26.so
7fc285033000-7fc285232000 ---p 0000b000 08:07 144683                     /lib/x86_64-linux-gnu/libnss_files-2.26.so
7fc285232000-7fc285233000 r--p 0000a000 08:07 144683                     /lib/x86_64-linux-gnu/libnss_files-2.26.so
7fc285233000-7fc285234000 rw-p 0000b000 08:07 144683                     /lib/x86_64-linux-gnu/libnss_files-2.26.so
7fc285234000-7fc28523a000 rw-p 00000000 00:00 0 
7fc28523a000-7fc285245000 r-xp 00000000 08:07 144707                     /lib/x86_64-linux-gnu/libnss_nis-2.26.so
7fc285245000-7fc285444000 ---p 0000b000 08:07 144707                     /lib/x86_64-linux-gnu/libnss_nis-2.26.so
7fc285444000-7fc285445000 r--p 0000a000 08:07 144707                     /lib/x86_64-linux-gnu/libnss_nis-2.26.so
7fc285445000-7fc285446000 rw-p 0000b000 08:07 144707                     /lib/x86_64-linux-gnu/libnss_nis-2.26.so
7fc285446000-7fc28545d000 r-xp 00000000 08:07 144675                     /lib/x86_64-linux-gnu/libnsl-2.26.so
7fc28545d000-7fc28565c000 ---p 00017000 08:07 144675                     /lib/x86_64-linux-gnu/libnsl-2.26.so
7fc28565c000-7fc28565d000 r--p 00016000 08:07 144675                     /lib/x86_64-linux-gnu/libnsl-2.26.so
7fc28565d000-7fc28565e000 rw-p 00017000 08:07 144675                     /lib/x86_64-linux-gnu/libnsl-2.26.so
7fc28565e000-7fc285660000 rw-p 00000000 00:00 0 
7fc285660000-7fc285668000 r-xp 00000000 08:07 144678                     /lib/x86_64-linux-gnu/libnss_compat-2.26.so
7fc285668000-7fc285867000 ---p 00008000 08:07 144678                     /lib/x86_64-linux-gnu/libnss_compat-2.26.so
7fc285867000-7fc285868000 r--p 00007000 08:07 144678                     /lib/x86_64-linux-gnu/libnss_compat-2.26.so
7fc285868000-7fc285869000 rw-p 00008000 08:07 144678                     /lib/x86_64-linux-gnu/libnss_compat-2.26.so
7fc285869000-7fc285894000 r-xp 00000000 08:07 814910                     /usr/lib/jvm/java-8-oracle/jre/lib/amd64/libjava.so
7fc285894000-7fc285a93000 ---p 0002b000 08:07 814910                     /usr/lib/jvm/java-8-oracle/jre/lib/amd64/libjava.so
7fc285a93000-7fc285a95000 rw-p 0002a000 08:07 814910                     /usr/lib/jvm/java-8-oracle/jre/lib/amd64/libjava.so
7fc285a95000-7fc285aa2000 r-xp 00000000 08:07 814915                     /usr/lib/jvm/java-8-oracle/jre/lib/amd64/libverify.so
7fc285aa2000-7fc285ca2000 ---p 0000d000 08:07 814915                     /usr/lib/jvm/java-8-oracle/jre/lib/amd64/libverify.so
7fc285ca2000-7fc285ca4000 rw-p 0000d000 08:07 814915                     /usr/lib/jvm/java-8-oracle/jre/lib/amd64/libverify.so
7fc285ca4000-7fc285cab000 r-xp 00000000 08:07 144724                     /lib/x86_64-linux-gnu/librt-2.26.so
7fc285cab000-7fc285eaa000 ---p 00007000 08:07 144724                     /lib/x86_64-linux-gnu/librt-2.26.so
7fc285eaa000-7fc285eab000 r--p 00006000 08:07 144724                     /lib/x86_64-linux-gnu/librt-2.26.so
7fc285eab000-7fc285eac000 rw-p 00007000 08:07 144724                     /lib/x86_64-linux-gnu/librt-2.26.so
7fc285eac000-7fc286001000 r-xp 00000000 08:07 144670                     /lib/x86_64-linux-gnu/libm-2.26.so
7fc286001000-7fc286200000 ---p 00155000 08:07 144670                     /lib/x86_64-linux-gnu/libm-2.26.so
7fc286200000-7fc286201000 r--p 00154000 08:07 144670                     /lib/x86_64-linux-gnu/libm-2.26.so
7fc286201000-7fc286202000 rw-p 00155000 08:07 144670                     /lib/x86_64-linux-gnu/libm-2.26.so
7fc286202000-7fc286ed5000 r-xp 00000000 08:07 814893                     /usr/lib/jvm/java-8-oracle/jre/lib/amd64/server/libjvm.so
7fc286ed5000-7fc2870d4000 ---p 00cd3000 08:07 814893                     /usr/lib/jvm/java-8-oracle/jre/lib/amd64/server/libjvm.so
7fc2870d4000-7fc2871ae000 rw-p 00cd2000 08:07 814893                     /usr/lib/jvm/java-8-oracle/jre/lib/amd64/server/libjvm.so
7fc2871ae000-7fc2871f9000 rw-p 00000000 00:00 0 
7fc2871f9000-7fc2873cf000 r-xp 00000000 08:07 144663                     /lib/x86_64-linux-gnu/libc-2.26.so
7fc2873cf000-7fc2875cf000 ---p 001d6000 08:07 144663                     /lib/x86_64-linux-gnu/libc-2.26.so
7fc2875cf000-7fc2875d3000 r--p 001d6000 08:07 144663                     /lib/x86_64-linux-gnu/libc-2.26.so
7fc2875d3000-7fc2875d5000 rw-p 001da000 08:07 144663                     /lib/x86_64-linux-gnu/libc-2.26.so
7fc2875d5000-7fc2875d9000 rw-p 00000000 00:00 0 
7fc2875d9000-7fc2875dc000 r-xp 00000000 08:07 144666                     /lib/x86_64-linux-gnu/libdl-2.26.so
7fc2875dc000-7fc2877db000 ---p 00003000 08:07 144666                     /lib/x86_64-linux-gnu/libdl-2.26.so
7fc2877db000-7fc2877dc000 r--p 00002000 08:07 144666                     /lib/x86_64-linux-gnu/libdl-2.26.so
7fc2877dc000-7fc2877dd000 rw-p 00003000 08:07 144666                     /lib/x86_64-linux-gnu/libdl-2.26.so
7fc2877dd000-7fc2877f3000 r-xp 00000000 08:07 814521                     /usr/lib/jvm/java-8-oracle/lib/amd64/jli/libjli.so
7fc2877f3000-7fc2879f2000 ---p 00016000 08:07 814521                     /usr/lib/jvm/java-8-oracle/lib/amd64/jli/libjli.so
7fc2879f2000-7fc2879f3000 rw-p 00015000 08:07 814521                     /usr/lib/jvm/java-8-oracle/lib/amd64/jli/libjli.so
7fc2879f3000-7fc287a0d000 r-xp 00000000 08:07 144717                     /lib/x86_64-linux-gnu/libpthread-2.26.so
7fc287a0d000-7fc287c0c000 ---p 0001a000 08:07 144717                     /lib/x86_64-linux-gnu/libpthread-2.26.so
7fc287c0c000-7fc287c0d000 r--p 00019000 08:07 144717                     /lib/x86_64-linux-gnu/libpthread-2.26.so
7fc287c0d000-7fc287c0e000 rw-p 0001a000 08:07 144717                     /lib/x86_64-linux-gnu/libpthread-2.26.so
7fc287c0e000-7fc287c12000 rw-p 00000000 00:00 0 
7fc287c12000-7fc287c39000 r-xp 00000000 08:07 131202                     /lib/x86_64-linux-gnu/ld-2.26.so
7fc287c39000-7fc287c3a000 r--s 00003000 08:07 1215304                    /home/hesham/.m2/repository/org/springframework/spring-jcl/5.0.4.RELEASE/spring-jcl-5.0.4.RELEASE.jar
7fc287c3a000-7fc287c3f000 r--s 00084000 08:07 814623                     /usr/lib/jvm/java-8-oracle/jre/lib/jfr.jar
7fc287c3f000-7fc287c44000 r--s 002f9000 08:07 814704                     /usr/lib/jvm/java-8-oracle/jre/lib/charsets.jar
7fc287c44000-7fc287c47000 r--s 0001a000 08:07 814936                     /usr/lib/jvm/java-8-oracle/jre/lib/jce.jar
7fc287c47000-7fc287d10000 rw-p 00000000 00:00 0 
7fc287d10000-7fc287d13000 ---p 00000000 00:00 0 
7fc287d13000-7fc287e15000 rw-p 00000000 00:00 0 
7fc287e15000-7fc287e16000 r--s 00000000 08:07 1206660                    /home/hesham/.m2/repository/org/springframework/boot/spring-boot-starter-logging/2.0.0.RELEASE/spring-boot-starter-logging-2.0.0.RELEASE.jar
7fc287e16000-7fc287e17000 r--s 00000000 08:07 1180556                    /home/hesham/.m2/repository/org/springframework/boot/spring-boot-starter/2.0.0.RELEASE/spring-boot-starter-2.0.0.RELEASE.jar
7fc287e17000-7fc287e1c000 r--s 0009a000 08:07 814763                     /usr/lib/jvm/java-8-oracle/jre/lib/jsse.jar
7fc287e1c000-7fc287e2f000 r--s 00345000 08:07 814744                     /usr/lib/jvm/java-8-oracle/jre/lib/resources.jar
7fc287e2f000-7fc287e37000 rw-s 00000000 08:07 402652                     /tmp/hsperfdata_hesham/16645
7fc287e37000-7fc287e38000 rw-p 00000000 00:00 0 
7fc287e38000-7fc287e39000 r--p 00000000 00:00 0 
7fc287e39000-7fc287e3a000 r--p 00027000 08:07 131202                     /lib/x86_64-linux-gnu/ld-2.26.so
7fc287e3a000-7fc287e3b000 rw-p 00028000 08:07 131202                     /lib/x86_64-linux-gnu/ld-2.26.so
7fc287e3b000-7fc287e3c000 rw-p 00000000 00:00 0 
7ffceee5c000-7ffceee7f000 rw-p 00000000 00:00 0                          [stack]
7ffceef0a000-7ffceef0d000 r--p 00000000 00:00 0                          [vvar]
7ffceef0d000-7ffceef0f000 r-xp 00000000 00:00 0                          [vdso]
ffffffffff600000-ffffffffff601000 r-xp 00000000 00:00 0                  [vsyscall]

VM Arguments:
jvm_args: -Dfile.encoding=UTF-8 
java_command: com.SWII.OnlineStoreApplication
java_class_path (initial): /usr/lib/jvm/java-8-oracle/jre/lib/resources.jar:/usr/lib/jvm/java-8-oracle/jre/lib/rt.jar:/usr/lib/jvm/java-8-oracle/jre/lib/jsse.jar:/usr/lib/jvm/java-8-oracle/jre/lib/jce.jar:/usr/lib/jvm/java-8-oracle/jre/lib/charsets.jar:/usr/lib/jvm/java-8-oracle/jre/lib/jfr.jar:/usr/lib/jvm/java-8-oracle/jre/lib/ext/sunjce_provider.jar:/usr/lib/jvm/java-8-oracle/jre/lib/ext/sunec.jar:/usr/lib/jvm/java-8-oracle/jre/lib/ext/cldrdata.jar:/usr/lib/jvm/java-8-oracle/jre/lib/ext/sunpkcs11.jar:/usr/lib/jvm/java-8-oracle/jre/lib/ext/dnsns.jar:/usr/lib/jvm/java-8-oracle/jre/lib/ext/localedata.jar:/usr/lib/jvm/java-8-oracle/jre/lib/ext/jaccess.jar:/usr/lib/jvm/java-8-oracle/jre/lib/ext/nashorn.jar:/usr/lib/jvm/java-8-oracle/jre/lib/ext/jfxrt.jar:/usr/lib/jvm/java-8-oracle/jre/lib/ext/zipfs.jar:/media/hesham/V2/study/FCI/3th Year/2sec Term/swII/SpringBootWorkSpace/OnlineStore/target/classes:/home/hesham/.m2/repository/org/springframework/boot/spring-boot-starter/2.0.0.RELEASE/spring-boot-starter-2.0.0.RELEASE.jar:/home/hesham/.m2/repository/org/springframework/boot/spring-boot/2.0.0.RELEASE/spring-boot-2.0.0.RELEASE.jar:/home/hesham/.m2/repository/org/springframework/boot/spring-boot-autoconfigure/2.0.0.RELEASE/spring-boot-autoconfigure-2.0.0.RELEASE.jar:/home/hesham/.m2/repository/org/springframework/boot/spring-boot-starter-logging/2.0.0.RELEASE/spring-boot-starter-logging-2.0.0.RELEASE.jar:/home/hesham/.m2/repository/ch/qos/logback/logback-classic/1.2.3/logback-classic-1.2.3.jar:/home/hesham/.m2/repository/ch/qos/logback/logback-core/1.2.3/logback-core-1.2.3.jar:/home/hesham/.m2/repository/org/apache/logging/log4j/log4j-to-slf4j/2.10.0/log4j-to-slf4j-2.10.0.jar:/home/hesham/.m2/repository/org/apache/logging/log4j/log4j-api/2.10.0/log4j-api-2.10.0.jar:/home/hesham/.m2/repository/org/slf4j/jul-to-slf4j/1.7.25/jul-to-slf4j-1.7.25.jar:/home/hesham/.m2/repository/javax/annotation/javax.annotation-api/1.3.2/javax.annotation-api-1.3.2.jar:/home/hesham/.m2/reposi
Launcher Type: SUN_STANDARD

Environment Variables:
JAVA_HOME=/usr/lib/jvm/java-8-oracle
PATH=/home/hesham/bin:/home/hesham/.local/bin:/usr/local/sbin:/usr/local/bin:/usr/sbin:/usr/bin:/sbin:/bin:/usr/games:/usr/local/games:/snap/bin:/usr/lib/jvm/java-8-oracle/bin:/usr/lib/jvm/java-8-oracle/db/bin:/usr/lib/jvm/java-8-oracle/jre/bin:/home/hesham/.rvm/bin
USERNAME=hesham
SHELL=/bin/bash
DISPLAY=:0

Signal Handlers:
SIGSEGV: [libjvm.so+0xacbe10], sa_mask[0]=11111111011111111101111111111110, sa_flags=SA_RESTART|SA_SIGINFO
SIGBUS: [libjvm.so+0xacbe10], sa_mask[0]=11111111011111111101111111111110, sa_flags=SA_RESTART|SA_SIGINFO
SIGFPE: [libjvm.so+0x924f90], sa_mask[0]=11111111011111111101111111111110, sa_flags=SA_RESTART|SA_SIGINFO
SIGPIPE: [libjvm.so+0x924f90], sa_mask[0]=11111111011111111101111111111110, sa_flags=SA_RESTART|SA_SIGINFO
SIGXFSZ: [libjvm.so+0x924f90], sa_mask[0]=11111111011111111101111111111110, sa_flags=SA_RESTART|SA_SIGINFO
SIGILL: [libjvm.so+0x924f90], sa_mask[0]=11111111011111111101111111111110, sa_flags=SA_RESTART|SA_SIGINFO
SIGUSR1: SIG_DFL, sa_mask[0]=00000000000000000000000000000000, sa_flags=none
SIGUSR2: [libjvm.so+0x9267d0], sa_mask[0]=00100000000000000000000000000000, sa_flags=SA_RESTART|SA_SIGINFO
SIGHUP: [libjvm.so+0x927bd0], sa_mask[0]=11111111011111111101111111111110, sa_flags=SA_RESTART|SA_SIGINFO
SIGINT: [libjvm.so+0x927bd0], sa_mask[0]=11111111011111111101111111111110, sa_flags=SA_RESTART|SA_SIGINFO
SIGTERM: [libjvm.so+0x927bd0], sa_mask[0]=11111111011111111101111111111110, sa_flags=SA_RESTART|SA_SIGINFO
SIGQUIT: [libjvm.so+0x927bd0], sa_mask[0]=11111111011111111101111111111110, sa_flags=SA_RESTART|SA_SIGINFO


---------------  S Y S T E M  ---------------

OS:DISTRIB_ID=Ubuntu
DISTRIB_RELEASE=17.10
DISTRIB_CODENAME=artful
DISTRIB_DESCRIPTION="Ubuntu 17.10"

uname:Linux 4.13.0-36-generic #40-Ubuntu SMP Fri Feb 16 20:07:48 UTC 2018 x86_64
libc:glibc 2.26 NPTL 2.26 
rlimit: STACK 8192k, CORE 0k, NPROC 29364, NOFILE 4096, AS infinity
load average:2.01 2.45 2.43

/proc/meminfo:
MemTotal:        7571604 kB
MemFree:          855820 kB
MemAvailable:    2948076 kB
Buffers:          406672 kB
Cached:          2037036 kB
SwapCached:            0 kB
Active:          4580336 kB
Inactive:        1810940 kB
Active(anon):    3833948 kB
Inactive(anon):   290940 kB
Active(file):     746388 kB
Inactive(file):  1520000 kB
Unevictable:         336 kB
Mlocked:             336 kB
SwapTotal:       5005308 kB
SwapFree:        5005308 kB
Dirty:               288 kB
Writeback:             0 kB
AnonPages:       3947980 kB
Mapped:           472772 kB
Shmem:            322508 kB
Slab:             159396 kB
SReclaimable:      98692 kB
SUnreclaim:        60704 kB
KernelStack:       16352 kB
PageTables:        76396 kB
NFS_Unstable:          0 kB
Bounce:                0 kB
WritebackTmp:          0 kB
CommitLimit:     8791108 kB
Committed_AS:   11368608 kB
VmallocTotal:   34359738367 kB
VmallocUsed:           0 kB
VmallocChunk:          0 kB
HardwareCorrupted:     0 kB
AnonHugePages:         0 kB
ShmemHugePages:        0 kB
ShmemPmdMapped:        0 kB
CmaTotal:              0 kB
CmaFree:               0 kB
HugePages_Total:       0
HugePages_Free:        0
HugePages_Rsvd:        0
HugePages_Surp:        0
Hugepagesize:       2048 kB
DirectMap4k:      263680 kB
DirectMap2M:     7522304 kB
DirectMap1G:           0 kB


CPU:total 4 (initial active 4) (2 cores per cpu, 2 threads per core) family 6 model 61 stepping 4, cmov, cx8, fxsr, mmx, sse, sse2, sse3, ssse3, sse4.1, sse4.2, popcnt, avx, avx2, aes, clmul, erms, 3dnowpref, lzcnt, ht, tsc, tscinvbit, bmi1, bmi2, adx

/proc/cpuinfo:
processor	: 0
vendor_id	: GenuineIntel
cpu family	: 6
model		: 61
model name	: Intel(R) Core(TM) i7-5500U CPU @ 2.40GHz
stepping	: 4
microcode	: 0x25
cpu MHz		: 2394.517
cache size	: 4096 KB
physical id	: 0
siblings	: 4
core id		: 0
cpu cores	: 2
apicid		: 0
initial apicid	: 0
fpu		: yes
fpu_exception	: yes
cpuid level	: 20
wp		: yes
flags		: fpu vme de pse tsc msr pae mce cx8 apic sep mtrr pge mca cmov pat pse36 clflush dts acpi mmx fxsr sse sse2 ss ht tm pbe syscall nx pdpe1gb rdtscp lm constant_tsc arch_perfmon pebs bts rep_good nopl xtopology nonstop_tsc cpuid aperfmperf pni pclmulqdq dtes64 monitor ds_cpl vmx est tm2 ssse3 sdbg fma cx16 xtpr pdcm pcid sse4_1 sse4_2 x2apic movbe popcnt tsc_deadline_timer aes xsave avx f16c rdrand lahf_lm abm 3dnowprefetch cpuid_fault epb invpcid_single pti retpoline intel_pt tpr_shadow vnmi flexpriority ept vpid fsgsbase tsc_adjust bmi1 avx2 smep bmi2 erms invpcid rdseed adx smap xsaveopt dtherm ida arat pln pts
bugs		: cpu_meltdown spectre_v1 spectre_v2
bogomips	: 4789.03
clflush size	: 64
cache_alignment	: 64
address sizes	: 39 bits physical, 48 bits virtual
power management:

processor	: 1
vendor_id	: GenuineIntel
cpu family	: 6
model		: 61
model name	: Intel(R) Core(TM) i7-5500U CPU @ 2.40GHz
stepping	: 4
microcode	: 0x25
cpu MHz		: 2394.517
cache size	: 4096 KB
physical id	: 0
siblings	: 4
core id		: 0
cpu cores	: 2
apicid		: 1
initial apicid	: 1
fpu		: yes
fpu_exception	: yes
cpuid level	: 20
wp		: yes
flags		: fpu vme de pse tsc msr pae mce cx8 apic sep mtrr pge mca cmov pat pse36 clflush dts acpi mmx fxsr sse sse2 ss ht tm pbe syscall nx pdpe1gb rdtscp lm constant_tsc arch_perfmon pebs bts rep_good nopl xtopology nonstop_tsc cpuid aperfmperf pni pclmulqdq dtes64 monitor ds_cpl vmx est tm2 ssse3 sdbg fma cx16 xtpr pdcm pcid sse4_1 sse4_2 x2apic movbe popcnt tsc_deadline_timer aes xsave avx f16c rdrand lahf_lm abm 3dnowprefetch cpuid_fault epb invpcid_single pti retpoline intel_pt tpr_shadow vnmi flexpriority ept vpid fsgsbase tsc_adjust bmi1 avx2 smep bmi2 erms invpcid rdseed adx smap xsaveopt dtherm ida arat pln pts
bugs		: cpu_meltdown spectre_v1 spectre_v2
bogomips	: 4789.03
clflush size	: 64
cache_alignment	: 64
address sizes	: 39 bits physical, 48 bits virtual
power management:

processor	: 2
vendor_id	: GenuineIntel
cpu family	: 6
model		: 61
model name	: Intel(R) Core(TM) i7-5500U CPU @ 2.40GHz
stepping	: 4
microcode	: 0x25
cpu MHz		: 2394.517
cache size	: 4096 KB
physical id	: 0
siblings	: 4
core id		: 1
cpu cores	: 2
apicid		: 2
initial apicid	: 2
fpu		: yes
fpu_exception	: yes
cpuid level	: 20
wp		: yes
flags		: fpu vme de pse tsc msr pae mce cx8 apic sep mtrr pge mca cmov pat pse36 clflush dts acpi mmx fxsr sse sse2 ss ht tm pbe syscall nx pdpe1gb rdtscp lm constant_tsc arch_perfmon pebs bts rep_good nopl xtopology nonstop_tsc cpuid aperfmperf pni pclmulqdq dtes64 monitor ds_cpl vmx est tm2 ssse3 sdbg fma cx16 xtpr pdcm pcid sse4_1 sse4_2 x2apic movbe popcnt tsc_deadline_timer aes xsave avx f16c rdrand lahf_lm abm 3dnowprefetch cpuid_fault epb invpcid_single pti retpoline intel_pt tpr_shadow vnmi flexpriority ept vpid fsgsbase tsc_adjust bmi1 avx2 smep bmi2 erms invpcid rdseed adx smap xsaveopt dtherm ida arat pln pts
bugs		: cpu_meltdown spectre_v1 spectre_v2
bogomips	: 4789.03
clflush size	: 64
cache_alignment	: 64
address sizes	: 39 bits physical, 48 bits virtual
power management:

processor	: 3
vendor_id	: GenuineIntel
cpu family	: 6
model		: 61
model name	: Intel(R) Core(TM) i7-5500U CPU @ 2.40GHz
stepping	: 4
microcode	: 0x25
cpu MHz		: 2394.517
cache size	: 4096 KB
physical id	: 0
siblings	: 4
core id		: 1
cpu cores	: 2
apicid		: 3
initial apicid	: 3
fpu		: yes
fpu_exception	: yes
cpuid level	: 20
wp		: yes
flags		: fpu vme de pse tsc msr pae mce cx8 apic sep mtrr pge mca cmov pat pse36 clflush dts acpi mmx fxsr sse sse2 ss ht tm pbe syscall nx pdpe1gb rdtscp lm constant_tsc arch_perfmon pebs bts rep_good nopl xtopology nonstop_tsc cpuid aperfmperf pni pclmulqdq dtes64 monitor ds_cpl vmx est tm2 ssse3 sdbg fma cx16 xtpr pdcm pcid sse4_1 sse4_2 x2apic movbe popcnt tsc_deadline_timer aes xsave avx f16c rdrand lahf_lm abm 3dnowprefetch cpuid_fault epb invpcid_single pti retpoline intel_pt tpr_shadow vnmi flexpriority ept vpid fsgsbase tsc_adjust bmi1 avx2 smep bmi2 erms invpcid rdseed adx smap xsaveopt dtherm ida arat pln pts
bugs		: cpu_meltdown spectre_v1 spectre_v2
bogomips	: 4789.03
clflush size	: 64
cache_alignment	: 64
address sizes	: 39 bits physical, 48 bits virtual
power management:



Memory: 4k page, physical 7571604k(855820k free), swap 5005308k(5005308k free)

vm_info: Java HotSpot(TM) 64-Bit Server VM (25.151-b12) for linux-amd64 JRE (1.8.0_151-b12), built on Sep  5 2017 19:20:58 by "java_re" with gcc 4.3.0 20080428 (Red Hat 4.3.0-8)

time: Wed Mar 14 13:49:57 2018
elapsed time: 436 seconds (0d 0h 7m 16s)

